

Starting Toontown Online...
Current time: Mon Dec 26 17:47:43 2022 Eastern Standard Time
sys.path =  ['', 'C:\\Toontown\\Toontown - Programming\\SuitopiaUpdateLastLaff\\Toontown-Last-Laff-Workspace\\src\\Panda3D-1.11.0-x64\\python\\python27.zip', 'C:\\Panda3D-1.11.0-x64', 'C:\\Toontown\\Toontown - Programming\\SuitopiaUpdateLastLaff\\Toontown-Last-Laff-Workspace\\src\\Panda3D-1.11.0-x64\\python\\DLLs', 'C:\\Toontown\\Toontown - Programming\\SuitopiaUpdateLastLaff\\Toontown-Last-Laff-Workspace\\src\\Panda3D-1.11.0-x64\\python\\lib', 'C:\\Toontown\\Toontown - Programming\\SuitopiaUpdateLastLaff\\Toontown-Last-Laff-Workspace\\src\\Panda3D-1.11.0-x64\\python\\lib\\plat-win', 'C:\\Toontown\\Toontown - Programming\\SuitopiaUpdateLastLaff\\Toontown-Last-Laff-Workspace\\src\\Panda3D-1.11.0-x64\\python\\lib\\lib-tk', 'C:\\Toontown\\Toontown - Programming\\SuitopiaUpdateLastLaff\\Toontown-Last-Laff-Workspace\\src\\Panda3D-1.11.0-x64\\python', 'C:\\Toontown\\Toontown - Programming\\SuitopiaUpdateLastLaff\\Toontown-Last-Laff-Workspace\\src\\Panda3D-1.11.0-x64', 'C:\\Toontown\\Toontown - Programming\\SuitopiaUpdateLastLaff\\Toontown-Last-Laff-Workspace\\src\\Panda3D-1.11.0-x64\\bin', 'C:\\Toontown\\Toontown - Programming\\SuitopiaUpdateLastLaff\\Toontown-Last-Laff-Workspace\\src\\Panda3D-1.11.0-x64\\python\\lib\\site-packages']
sys.argv =  ['C:\\Toontown\\Toontown - Programming\\SuitopiaUpdateLastLaff\\Toontown-Last-Laff-Workspace\\src\\toontown\\launcher\\TTOffQuickStartLauncher.py']
generating standard configrc
os.environ =  {'TMP': 'C:\\Users\\theph\\AppData\\Local\\Temp', 'COMPUTERNAME': 'DESKTOP-7054VC9', 'PROCESSOR_LEVEL': '6', 'USERDOMAIN': 'DESKTOP-7054VC9', 'NEKO_INSTPATH': 'C:\\HaxeToolkit\\neko', 'INTEL_DEV_REDIST': 'C:\\Program Files (x86)\\Common Files\\Intel\\Shared Libraries\\', 'PSMODULEPATH': 'C:\\Program Files\\WindowsPowerShell\\Modules;C:\\WINDOWS\\system32\\WindowsPowerShell\\v1.0\\Modules', 'COMMONPROGRAMFILES': 'C:\\Program Files\\Common Files', 'PROCESSOR_IDENTIFIER': 'Intel64 Family 6 Model 158 Stepping 13, GenuineIntel', 'PROGRAMFILES': 'C:\\Program Files', 'PROCESSOR_REVISION': '9e0d', 'PATH': 'C:\\Panda3D-1.11.0-x64\\panda3d\\..\\bin;C:\\Program Files (x86)\\Common Files\\Intel\\Shared Libraries\\redist\\intel64_win\\compiler;C:\\Program Files (x86)\\NVIDIA Corporation\\PhysX\\Common;C:\\Program Files\\Python38\\Scripts\\;C:\\Program Files\\Python38\\;C:\\WINDOWS\\system32;C:\\WINDOWS;C:\\WINDOWS\\System32\\Wbem;C:\\WINDOWS\\System32\\WindowsPowerShell\\v1.0\\;C:\\WINDOWS\\System32\\OpenSSH\\;C:\\Program Files\\NVIDIA Corporation\\NVIDIA NvDLISR;C:\\Program Files\\dotnet\\;C:\\Users\\theph\\AppData\\Local\\Programs\\Python\\Python39;C:\\Users\\theph\\AppData\\Local\\Programs\\Python\\Python39\\Scripts;C:\\Program Files\\Common Files\\Autodesk Shared\\;C:\\Program Files\\Git\\cmd;C:\\Program Files (x86)\\Windows Live\\Shared;C:\\HaxeToolkit\\haxe;C:\\HaxeToolkit\\neko;C:\\Program Files\\Microsoft SQL Server\\150\\Tools\\Binn\\;C:\\Program Files\\Microsoft SQL Server\\Client SDK\\ODBC\\170\\Tools\\Binn\\;C:\\Users\\theph\\AppData\\Local\\Microsoft\\WindowsApps;C:\\Users\\theph\\.dotnet\\tools;C:\\Program Files\\JetBrains\\PyCharm Community Edition 2020.3.3\\bin;C:\\Users\\theph\\AppData\\Local\\atom\\bin;C:\\Users\\theph\\AppData\\Local\\GitHubDesktop\\bin;C:\\Panda3D-1.9.0-x64\\python;C:\\Panda3D-1.9.0-x64\\python\\Scripts;C:\\Panda3D-1.9.0-x64\\bin;C:\\Panda3D-1.9.0\\python;C:\\Panda3D-1.9.0\\python\\Scripts;C:\\Panda3D-1.9.0\\bin;C:\\Panda3D-1.10.0\\python;C:\\Panda3D-1.10.0\\python\\Scripts;C:\\Panda3D-1.10.0\\bin;C:\\Program Files\\JetBrains\\PyCharm Community Edition 2022.2.2\\bin;;C:\\Users\\theph\\AppData\\Local\\Programs\\Microsoft VS Code\\bin;C:\\Panda3D-1.11.0\\python;C:\\Panda3D-1.11.0\\python\\Scripts;C:\\Panda3D-1.11.0\\bin;C:\\Users\\theph\\.dotnet\\tools;C:\\Panda3D-1.10.11-x64\\python;C:\\Panda3D-1.10.11-x64\\python\\Scripts;C:\\Panda3D-1.10.11-x64\\bin;C:\\Panda3D-1.11.0-x64\\python;C:\\Panda3D-1.11.0-x64\\python\\Scripts;C:\\Panda3D-1.11.0-x64\\bin;C:\\EventHorizon-battle-ng-teaser\\dependencies\\panda\\python;C:\\EventHorizon-battle-ng-teaser\\dependencies\\panda\\python\\Scripts;C:\\EventHorizon-battle-ng-teaser\\depe', 'SYSTEMROOT': 'C:\\WINDOWS', 'PROGRAMFILES(X86)': 'C:\\Program Files (x86)', 'COMSPEC': 'C:\\WINDOWS\\system32\\cmd.exe', 'DRIVERDATA': 'C:\\Windows\\System32\\Drivers\\DriverData', 'PPYTHON_PATH': '"Panda3D-1.11.0-x64\\python\\ppython.exe"', 'TEMP': 'C:\\Users\\theph\\AppData\\Local\\Temp', 'FPS_BROWSER_APP_PROFILE_STRING': 'Internet Explorer', 'COMMONPROGRAMFILES(X86)': 'C:\\Program Files (x86)\\Common Files', 'PROCESSOR_ARCHITECTURE': 'AMD64', 'ALLUSERSPROFILE': 'C:\\ProgramData', 'USERPROFILE': 'C:\\Users\\theph', 'LOCALAPPDATA': 'C:\\Users\\theph\\AppData\\Local', 'FPS_BROWSER_USER_PROFILE_STRING': 'Default', 'HOMEPATH': '\\Users\\theph', 'USERDOMAIN_ROAMINGPROFILE': 'DESKTOP-7054VC9', 'PROGRAMW6432': 'C:\\Program Files', 'USERNAME': 'theph', 'LOGONSERVER': '\\\\DESKTOP-7054VC9', 'PROMPT': '$P$G', 'SESSIONNAME': 'Console', 'PROGRAMDATA': 'C:\\ProgramData', 'ONEDRIVE': 'C:\\Users\\theph\\OneDrive', 'ADSK_3DSMAX_X64_2019': 'C:\\Program Files\\Autodesk\\3ds Max 2019\\', 'ZES_ENABLE_SYSMAN': '1', 'HAXEPATH': 'C:\\HaxeToolkit\\haxe', 'PATHEXT': '.COM;.EXE;.BAT;.CMD;.VBS;.VBE;.JS;.JSE;.WSF;.WSH;.MSC;.PY;.PYW', 'TTOFF_LOGIN_TOKEN': 'dev', 'WINDIR': 'C:\\WINDOWS', 'PYCHARM COMMUNITY EDITION': 'C:\\Program Files\\JetBrains\\PyCharm Community Edition 2022.2.2\\bin;', 'HOMEDRIVE': 'C:', 'SYSTEMDRIVE': 'C:', 'PUBLIC': 'C:\\Users\\Public', 'NUMBER_OF_PROCESSORS': '16', 'APPDATA': 'C:\\Users\\theph\\AppData\\Roaming', 'IDK2': 'C:\\Program Files\\Python38', 'COMMONPROGRAMW6432': 'C:\\Program Files\\Common Files', 'OS': 'Windows_NT', 'ADSK_CLM_WPAD_PROXY_CHECK': 'FALSE', 'IDK': 'C:\\Program Files\\Python38\\Scripts'}
:12-26-2022 17:47:43 TTOffLauncher: isTestServer: 0
:12-26-2022 17:47:43 TTOffLauncher: Game Server 127.0.0.1
:12-26-2022 17:47:43 TTOffLauncher: Starting Toontown Online... 
:12-26-2022 17:47:43 TTOffLauncher: foreground: Launcher now operating in foreground
useTTOffSpecificLogin=True
:12-26-2022 17:47:43 TTOffLauncher: maybeStartGame: starting game
:12-26-2022 17:47:43 TTOffLauncher: Starting Toontown Online...
:12-26-2022 17:47:43 TTOffLauncher: background: Launcher now operating in background
ToontownStart: Polling for game2 to finish...
ToontownStart: Game2 is finished.
ToontownStart: Starting the game.
ToontownStart: setting default font
:12-26-2022 17:47:43 TTOffLauncher: setting panda error code to 7
Known pipe types:
  wglGraphicsPipe
(all display modules loaded.)
:12-26-2022 17:47:43 ToonBase: Default graphics pipe is wglGraphicsPipe (OpenGL).
:12-26-2022 17:47:43 :display(warning): FrameBufferProperties available less than requested.
  requested: depth_bits=24 color_bits=3 red_bits=1 green_bits=1 blue_bits=1 alpha_bits=1 multisamples=70 back_buffers=1 force_hardware 
  got: depth_bits=24 color_bits=24 red_bits=8 green_bits=8 blue_bits=8 alpha_bits=8 accum_bits=64 multisamples=16 back_buffers=1 force_hardware 
:12-26-2022 17:47:43 ToonBase: Successfully opened window of type wglGraphicsWindow (OpenGL)
:12-26-2022 17:47:43 ShowBase: __dev__ == False
:12-26-2022 17:47:43 TTOffLauncher: setting panda error code to 11
:12-26-2022 17:47:43 TTOffLauncher: setting panda error code to 0
ToontownStart: Loading default gui sounds
ToontownStart: serverVersion:  tto-dev
:12-26-2022 17:47:43 Loader: starting bulk load of block 'init'
:12-26-2022 17:47:44 :nativenet(error): Buffered_DatagramConnection Constructor rbufsize = 4096000 wbufsize = 4096000 write_flush_point = 1400
:12-26-2022 17:47:44 OTPClientRepository: Using connect method 'http'
:12-26-2022 17:47:44 TTOffLauncher: getRegistry ('DEPLOYMENT', None)
:12-26-2022 17:47:44 TTOffLauncher: checking env
:12-26-2022 17:47:44 TTOffLauncher: getRegistry ('GAME_DEPLOYMENT', None)
:12-26-2022 17:47:44 TTOffLauncher: checking env
:12-26-2022 17:47:44 OTPClientRepository: reg_deployment=
:12-26-2022 17:47:44 OTPClientRepository: required-login auto.
:12-26-2022 17:47:44 OTPClientRepository: loginInterface: LoginTTOffAccount
:12-26-2022 17:47:44 TTOffLauncher: getNeedPwForSecretKey using ttoff-specific-login
:12-26-2022 17:47:44 Loader: At end of block 'init', expected 138, loaded 5, duration=1.2221032
:12-26-2022 17:47:44 OTPClientRepository: Connecting to gameserver directly (no proxy).
:12-26-2022 17:47:44 OTPClientRepository: Connecting to //127.0.0.1:7198 via HTTP interface.
:12-26-2022 17:47:44 TTOffLauncher: Stopping mini task manager.
:12-26-2022 17:47:44 OTPClientRepository: Successfully connected to //127.0.0.1:7198.
:12-26-2022 17:47:44 TTOffLauncher: Setting Disconnect Details normal
{402000001: <toontown.distributed.ToontownDistrict.ToontownDistrict instance at 0x00000000203D8B88>}
:12-26-2022 17:47:47 StateData: AvatarChooser.enter
:12-26-2022 17:47:47 DisplayOptions: settingsFullScreen = False, embedded = False width=800 height=600
:12-26-2022 17:47:47 StateData: calling self.displayOptions.restrictToEmbedded(False)
:12-26-2022 17:47:49 OTPClientRepository: ================
:12-26-2022 17:47:49 OTPClientRepository: Chose avatar id: 100000001
:12-26-2022 17:47:49 OTPClientRepository: Chose avatar name: Prof. Alvin Flippenhopper
:12-26-2022 17:47:49 OTPClientRepository: Chose avatar dna: ('dls', 'ss', 's', 'm', 15, 0, 15, 15, 1, 8, 1, 8, 1, 1)
:12-26-2022 17:47:49 OTPClientRepository: Chose avatar position: 1
:12-26-2022 17:47:49 OTPClientRepository: isPaid: 1
:12-26-2022 17:47:49 OTPClientRepository: freeTimeLeft: 0
:12-26-2022 17:47:49 OTPClientRepository: allowSecretChat: True
:12-26-2022 17:47:49 OTPClientRepository: ================
:12-26-2022 17:47:49 Loader: starting bulk load of block 'localAvatarPlayGame'
:12-26-2022 17:47:49 ToontownTimeManager(warning): error parsing date string=
local
:12-26-2022 17:47:50 NewsPageButtonManager(warning): Should not get here. NewsPageButtonManager.exitOff
:12-26-2022 17:47:50 :pnmimage:png(warning): iCCP: known incorrect sRGB profile
:12-26-2022 17:47:53 OTPClientRepository: Entering shard 402000001
:12-26-2022 17:47:53 StreetSign: Street sign url is https://ttoffline.com/images/
:12-26-2022 17:47:54 TimeManager: Clock sync: TimeManager.announceGenerate
:12-26-2022 17:47:54 NewsManager: setHolidayId: Starting Holiday 14
:12-26-2022 17:47:54 InGameNewsMgr: latestIssue=2013-08-22 16:49:46.000003-07:00
cpu info: GenuineIntel|Intel(R) Core(TM) i9-9900K CPU @ 3.60GHz|591597|0|3.600,3.600|8,16 cpus
:12-26-2022 17:47:56 OTPClientRepository: No sync from TimeManager.
:12-26-2022 17:47:56 OTPClientRepository: gotTimeSync
:12-26-2022 17:47:57 Loader: At end of block 'localAvatarPlayGame', expected 400, loaded 21, duration=7.684834
:12-26-2022 17:47:57 OTPClientRepository: Sending heartbeat mid-frame.
:12-26-2022 17:47:57 TimeManager: Clock sync roundtrip took 2142.700 ms
:12-26-2022 17:47:57 TimeManager: AI time delta is -0:03 from server delta
:12-26-2022 17:47:57 TimeManager: Local clock uncertainty +/- 1.072 s
:12-26-2022 17:47:57 TimeManager: Uncertainty is too high, trying again.
:12-26-2022 17:47:57 PlayGame: QA-REGRESSION: NEIGHBORHOODS: Visit The Brrrgh
:12-26-2022 17:47:57 Loader: starting bulk load of block 'hood'
:12-26-2022 17:48:01 TimeManager: Clock sync roundtrip took 4352.596 ms
:12-26-2022 17:48:01 TimeManager: AI time delta is -0:04 from server delta
:12-26-2022 17:48:01 ClockDelta: previous delta at -2.364 s, +/- 1.073 s.
:12-26-2022 17:48:01 ClockDelta: new delta at -1.274 s, +/- 2.176 s.
:12-26-2022 17:48:01 ClockDelta: intersection at -2.364 s, +/- 1.073 s.
:12-26-2022 17:48:01 TimeManager: Local clock uncertainty +/- 1.073 s
:12-26-2022 17:48:01 TimeManager: Uncertainty is too high, trying again.
:12-26-2022 17:48:01 DistributedObject(warning): no loader.getInteractiveProp self.interactiveProp is None
:12-26-2022 17:48:02 DistributedToon: calling LocalAvatar.startchat
:12-26-2022 17:48:02 Loader: At end of block 'hood', expected 10, loaded 26, duration=5.4710565
:12-26-2022 17:48:02 TimeManager: Clock sync roundtrip took 1116.954 ms
:12-26-2022 17:48:02 TimeManager: AI time delta is -0:01 from server delta
:12-26-2022 17:48:02 ClockDelta: previous delta at -2.364 s, +/- 1.074 s.
:12-26-2022 17:48:02 ClockDelta: new delta at -2.877 s, +/- 0.558 s.
:12-26-2022 17:48:02 ClockDelta: intersection at -2.877 s, +/- 0.558 s.
:12-26-2022 17:48:02 TimeManager: Local clock uncertainty +/- 0.559 s
:12-26-2022 17:48:03 Teleport(debug): teleportInDone: walk
:12-26-2022 17:48:33 ToontownChatManager: QA-REGRESSION: CHAT: Speedchat
:12-26-2022 17:48:37 Playground: Unloading Place (3000). Fsm in final
:12-26-2022 17:48:37 Loader: starting bulk load of block 'hood'
:12-26-2022 17:48:37 TownBattleSuitPanel: Loading Suit Battle Panel!
:12-26-2022 17:48:37 TownBattleSuitPanel: Loading Suit Battle Panel!
:12-26-2022 17:48:37 TownBattleSuitPanel: Loading Suit Battle Panel!
:12-26-2022 17:48:37 TownBattleSuitPanel: Loading Suit Battle Panel!
:12-26-2022 17:48:37 TownBattleSuitPanel: Loading Suit Battle Panel!
:12-26-2022 17:48:37 TownBattleSuitPanel: Loading Suit Battle Panel!
:12-26-2022 17:48:37 TownBattleSuitPanel: Loading Suit Battle Panel!
:12-26-2022 17:48:37 TownBattleSuitPanel: Loading Suit Battle Panel!
:12-26-2022 17:48:37 OTPClientRepository: Sending heartbeat mid-frame.
:12-26-2022 17:48:37 :pnmimage:png(warning): Interlace handling should be turned on when using png_read_image
:12-26-2022 17:48:38 TownLoader: skipping self.geom.flattenMedium
:12-26-2022 17:48:38 Loader: At end of block 'hood', expected 40, loaded 5, duration=1.3447407
:12-26-2022 17:48:38 DistributedObject: DistributedSuitPlanner 402002570: generating
Assertion failed: other._error_type == ET_ok at line 395 of panda/src/pgraph/nodePath.cxx
:12-26-2022 17:48:38 :gobj(error): Texture::read() - couldn't read: phase_3/maps/hands/sd.png
:12-26-2022 17:48:38 :gobj(error): Unable to find texture "phase_3/maps/hands/sd.png" on model-path /;/c/Toontown/Toontown - Programming/SuitopiaUpdateLastLaff/Toontown-Last-Laff-Workspace/src/toontown/launcher;/c/Panda3D-1.11.0-x64/etc/..;/c/Panda3D-1.11.0-x64/etc/../models
Assertion failed: other._error_type == ET_ok at line 395 of panda/src/pgraph/nodePath.cxx
:12-26-2022 17:48:43 Street: QA-REGRESSION: COGBATTLE: Enter Battle
Battle Event localtoon-battle-event-3
Assertion failed: other._error_type == ET_ok at line 395 of panda/src/pgraph/nodePath.cxx
Assertion failed: other._error_type == ET_ok at line 395 of panda/src/pgraph/nodePath.cxx
Assertion failed: other._error_type == ET_ok at line 395 of panda/src/pgraph/nodePath.cxx
Assertion failed: other._error_type == ET_ok at line 395 of panda/src/pgraph/nodePath.cxx
Assertion failed: other._error_type == ET_ok at line 395 of panda/src/pgraph/nodePath.cxx
Assertion failed: other._error_type == ET_ok at line 395 of panda/src/pgraph/nodePath.cxx
Assertion failed: other._error_type == ET_ok at line 395 of panda/src/pgraph/nodePath.cxx
Assertion failed: other._error_type == ET_ok at line 395 of panda/src/pgraph/nodePath.cxx
Assertion failed: other._error_type == ET_ok at line 395 of panda/src/pgraph/nodePath.cxx
Assertion failed: other._error_type == ET_ok at line 395 of panda/src/pgraph/nodePath.cxx
Assertion failed: other._error_type == ET_ok at line 395 of panda/src/pgraph/nodePath.cxx
Assertion failed: other._error_type == ET_ok at line 395 of panda/src/pgraph/nodePath.cxx
Assertion failed: other._error_type == ET_ok at line 395 of panda/src/pgraph/nodePath.cxx
Assertion failed: other._error_type == ET_ok at line 395 of panda/src/pgraph/nodePath.cxx
Assertion failed: other._error_type == ET_ok at line 395 of panda/src/pgraph/nodePath.cxx
Assertion failed: other._error_type == ET_ok at line 395 of panda/src/pgraph/nodePath.cxx
Assertion failed: other._error_type == ET_ok at line 395 of panda/src/pgraph/nodePath.cxx
Assertion failed: other._error_type == ET_ok at line 395 of panda/src/pgraph/nodePath.cxx
Assertion failed: other._error_type == ET_ok at line 395 of panda/src/pgraph/nodePath.cxx
Assertion failed: other._error_type == ET_ok at line 395 of panda/src/pgraph/nodePath.cxx
Assertion failed: other._error_type == ET_ok at line 395 of panda/src/pgraph/nodePath.cxx
Assertion failed: other._error_type == ET_ok at line 395 of panda/src/pgraph/nodePath.cxx
Assertion failed: other._error_type == ET_ok at line 395 of panda/src/pgraph/nodePath.cxx
Assertion failed: other._error_type == ET_ok at line 395 of panda/src/pgraph/nodePath.cxx
Assertion failed: other._error_type == ET_ok at line 395 of panda/src/pgraph/nodePath.cxx
Assertion failed: other._error_type == ET_ok at line 395 of panda/src/pgraph/nodePath.cxx
Assertion failed: other._error_type == ET_ok at line 395 of panda/src/pgraph/nodePath.cxx
Assertion failed: other._error_type == ET_ok at line 395 of panda/src/pgraph/nodePath.cxx
Assertion failed: other._error_type == ET_ok at line 395 of panda/src/pgraph/nodePath.cxx
Assertion failed: other._error_type == ET_ok at line 395 of panda/src/pgraph/nodePath.cxx
Assertion failed: other._error_type == ET_ok at line 395 of panda/src/pgraph/nodePath.cxx
Assertion failed: other._error_type == ET_ok at line 395 of panda/src/pgraph/nodePath.cxx
:12-26-2022 17:49:25 :gobj(error): Texture::read() - couldn't read: phase_3/maps/hands/sd.png
:12-26-2022 17:49:25 :gobj(error): Unable to find texture "phase_3/maps/hands/sd.png" on model-path /;/c/Toontown/Toontown - Programming/SuitopiaUpdateLastLaff/Toontown-Last-Laff-Workspace/src/toontown/launcher;/c/Panda3D-1.11.0-x64/etc/..;/c/Panda3D-1.11.0-x64/etc/../models
Assertion failed: other._error_type == ET_ok at line 395 of panda/src/pgraph/nodePath.cxx
:12-26-2022 17:49:26 :gobj(error): Texture::read() - couldn't read: phase_3/maps/hands/sd.png
:12-26-2022 17:49:26 :gobj(error): Unable to find texture "phase_3/maps/hands/sd.png" on model-path /;/c/Toontown/Toontown - Programming/SuitopiaUpdateLastLaff/Toontown-Last-Laff-Workspace/src/toontown/launcher;/c/Panda3D-1.11.0-x64/etc/..;/c/Panda3D-1.11.0-x64/etc/../models
Assertion failed: other._error_type == ET_ok at line 395 of panda/src/pgraph/nodePath.cxx
:12-26-2022 17:49:26 :gobj(error): Texture::read() - couldn't read: phase_3/maps/hands/dt.png
:12-26-2022 17:49:26 :gobj(error): Unable to find texture "phase_3/maps/hands/dt.png" on model-path /;/c/Toontown/Toontown - Programming/SuitopiaUpdateLastLaff/Toontown-Last-Laff-Workspace/src/toontown/launcher;/c/Panda3D-1.11.0-x64/etc/..;/c/Panda3D-1.11.0-x64/etc/../models
Assertion failed: other._error_type == ET_ok at line 395 of panda/src/pgraph/nodePath.cxx
Assertion failed: other._error_type == ET_ok at line 395 of panda/src/pgraph/nodePath.cxx
:12-26-2022 17:49:36 :gobj(error): Texture::read() - couldn't read: phase_3/maps/hands/sd.png
:12-26-2022 17:49:36 :gobj(error): Unable to find texture "phase_3/maps/hands/sd.png" on model-path /;/c/Toontown/Toontown - Programming/SuitopiaUpdateLastLaff/Toontown-Last-Laff-Workspace/src/toontown/launcher;/c/Panda3D-1.11.0-x64/etc/..;/c/Panda3D-1.11.0-x64/etc/../models
Assertion failed: other._error_type == ET_ok at line 395 of panda/src/pgraph/nodePath.cxx
:12-26-2022 17:49:36 :gobj(error): Texture::read() - couldn't read: phase_3/maps/hands/dt.png
:12-26-2022 17:49:36 :gobj(error): Unable to find texture "phase_3/maps/hands/dt.png" on model-path /;/c/Toontown/Toontown - Programming/SuitopiaUpdateLastLaff/Toontown-Last-Laff-Workspace/src/toontown/launcher;/c/Panda3D-1.11.0-x64/etc/..;/c/Panda3D-1.11.0-x64/etc/../models
Assertion failed: other._error_type == ET_ok at line 395 of panda/src/pgraph/nodePath.cxx
Assertion failed: other._error_type == ET_ok at line 395 of panda/src/pgraph/nodePath.cxx
:12-26-2022 17:49:37 :gobj(error): Texture::read() - couldn't read: phase_3/maps/hands/sd.png
:12-26-2022 17:49:37 :gobj(error): Unable to find texture "phase_3/maps/hands/sd.png" on model-path /;/c/Toontown/Toontown - Programming/SuitopiaUpdateLastLaff/Toontown-Last-Laff-Workspace/src/toontown/launcher;/c/Panda3D-1.11.0-x64/etc/..;/c/Panda3D-1.11.0-x64/etc/../models
Assertion failed: other._error_type == ET_ok at line 395 of panda/src/pgraph/nodePath.cxx
:12-26-2022 17:49:42 :gobj(error): Texture::read() - couldn't read: phase_3/maps/hands/sd.png
:12-26-2022 17:49:42 :gobj(error): Unable to find texture "phase_3/maps/hands/sd.png" on model-path /;/c/Toontown/Toontown - Programming/SuitopiaUpdateLastLaff/Toontown-Last-Laff-Workspace/src/toontown/launcher;/c/Panda3D-1.11.0-x64/etc/..;/c/Panda3D-1.11.0-x64/etc/../models
Assertion failed: other._error_type == ET_ok at line 395 of panda/src/pgraph/nodePath.cxx
:12-26-2022 17:49:42 :gobj(error): Texture::read() - couldn't read: phase_3/maps/hands/dt.png
:12-26-2022 17:49:42 :gobj(error): Unable to find texture "phase_3/maps/hands/dt.png" on model-path /;/c/Toontown/Toontown - Programming/SuitopiaUpdateLastLaff/Toontown-Last-Laff-Workspace/src/toontown/launcher;/c/Panda3D-1.11.0-x64/etc/..;/c/Panda3D-1.11.0-x64/etc/../models
Assertion failed: other._error_type == ET_ok at line 395 of panda/src/pgraph/nodePath.cxx
:12-26-2022 17:49:46 :gobj(error): Texture::read() - couldn't read: phase_3/maps/hands/mb.png
:12-26-2022 17:49:46 :gobj(error): Unable to find texture "phase_3/maps/hands/mb.png" on model-path /;/c/Toontown/Toontown - Programming/SuitopiaUpdateLastLaff/Toontown-Last-Laff-Workspace/src/toontown/launcher;/c/Panda3D-1.11.0-x64/etc/..;/c/Panda3D-1.11.0-x64/etc/../models
Assertion failed: other._error_type == ET_ok at line 395 of panda/src/pgraph/nodePath.cxx
:12-26-2022 17:49:53 :gobj(error): Texture::read() - couldn't read: phase_3/maps/hands/dt.png
:12-26-2022 17:49:53 :gobj(error): Unable to find texture "phase_3/maps/hands/dt.png" on model-path /;/c/Toontown/Toontown - Programming/SuitopiaUpdateLastLaff/Toontown-Last-Laff-Workspace/src/toontown/launcher;/c/Panda3D-1.11.0-x64/etc/..;/c/Panda3D-1.11.0-x64/etc/../models
Assertion failed: other._error_type == ET_ok at line 395 of panda/src/pgraph/nodePath.cxx
:12-26-2022 17:49:55 :gobj(error): Texture::read() - couldn't read: phase_3/maps/hands/sd.png
:12-26-2022 17:49:55 :gobj(error): Unable to find texture "phase_3/maps/hands/sd.png" on model-path /;/c/Toontown/Toontown - Programming/SuitopiaUpdateLastLaff/Toontown-Last-Laff-Workspace/src/toontown/launcher;/c/Panda3D-1.11.0-x64/etc/..;/c/Panda3D-1.11.0-x64/etc/../models
Assertion failed: other._error_type == ET_ok at line 395 of panda/src/pgraph/nodePath.cxx
:12-26-2022 17:50:03 :gobj(error): Texture::read() - couldn't read: phase_3/maps/hands/ac.png
:12-26-2022 17:50:03 :gobj(error): Unable to find texture "phase_3/maps/hands/ac.png" on model-path /;/c/Toontown/Toontown - Programming/SuitopiaUpdateLastLaff/Toontown-Last-Laff-Workspace/src/toontown/launcher;/c/Panda3D-1.11.0-x64/etc/..;/c/Panda3D-1.11.0-x64/etc/../models
Assertion failed: other._error_type == ET_ok at line 395 of panda/src/pgraph/nodePath.cxx
:12-26-2022 17:50:06 :gobj(error): Texture::read() - couldn't read: phase_3/maps/hands/dt.png
:12-26-2022 17:50:06 :gobj(error): Unable to find texture "phase_3/maps/hands/dt.png" on model-path /;/c/Toontown/Toontown - Programming/SuitopiaUpdateLastLaff/Toontown-Last-Laff-Workspace/src/toontown/launcher;/c/Panda3D-1.11.0-x64/etc/..;/c/Panda3D-1.11.0-x64/etc/../models
Assertion failed: other._error_type == ET_ok at line 395 of panda/src/pgraph/nodePath.cxx
:12-26-2022 17:50:06 :gobj(error): Texture::read() - couldn't read: phase_3/maps/hands/dt.png
:12-26-2022 17:50:06 :gobj(error): Unable to find texture "phase_3/maps/hands/dt.png" on model-path /;/c/Toontown/Toontown - Programming/SuitopiaUpdateLastLaff/Toontown-Last-Laff-Workspace/src/toontown/launcher;/c/Panda3D-1.11.0-x64/etc/..;/c/Panda3D-1.11.0-x64/etc/../models
Assertion failed: other._error_type == ET_ok at line 395 of panda/src/pgraph/nodePath.cxx
:12-26-2022 17:50:09 :gobj(error): Texture::read() - couldn't read: phase_3/maps/hands/dt.png
:12-26-2022 17:50:09 :gobj(error): Unable to find texture "phase_3/maps/hands/dt.png" on model-path /;/c/Toontown/Toontown - Programming/SuitopiaUpdateLastLaff/Toontown-Last-Laff-Workspace/src/toontown/launcher;/c/Panda3D-1.11.0-x64/etc/..;/c/Panda3D-1.11.0-x64/etc/../models
Assertion failed: other._error_type == ET_ok at line 395 of panda/src/pgraph/nodePath.cxx
:12-26-2022 17:50:12 :gobj(error): Texture::read() - couldn't read: phase_3/maps/hands/sd.png
:12-26-2022 17:50:12 :gobj(error): Unable to find texture "phase_3/maps/hands/sd.png" on model-path /;/c/Toontown/Toontown - Programming/SuitopiaUpdateLastLaff/Toontown-Last-Laff-Workspace/src/toontown/launcher;/c/Panda3D-1.11.0-x64/etc/..;/c/Panda3D-1.11.0-x64/etc/../models
Assertion failed: other._error_type == ET_ok at line 395 of panda/src/pgraph/nodePath.cxx
:12-26-2022 17:50:12 :gobj(error): Texture::read() - couldn't read: phase_3/maps/hands/mb.png
:12-26-2022 17:50:12 :gobj(error): Unable to find texture "phase_3/maps/hands/mb.png" on model-path /;/c/Toontown/Toontown - Programming/SuitopiaUpdateLastLaff/Toontown-Last-Laff-Workspace/src/toontown/launcher;/c/Panda3D-1.11.0-x64/etc/..;/c/Panda3D-1.11.0-x64/etc/../models
Assertion failed: other._error_type == ET_ok at line 395 of panda/src/pgraph/nodePath.cxx
:12-26-2022 17:50:14 :gobj(error): Texture::read() - couldn't read: phase_3/maps/hands/sd.png
:12-26-2022 17:50:14 :gobj(error): Unable to find texture "phase_3/maps/hands/sd.png" on model-path /;/c/Toontown/Toontown - Programming/SuitopiaUpdateLastLaff/Toontown-Last-Laff-Workspace/src/toontown/launcher;/c/Panda3D-1.11.0-x64/etc/..;/c/Panda3D-1.11.0-x64/etc/../models
Assertion failed: other._error_type == ET_ok at line 395 of panda/src/pgraph/nodePath.cxx
Assertion failed: other._error_type == ET_ok at line 395 of panda/src/pgraph/nodePath.cxx
:12-26-2022 17:50:14 :gobj(error): Texture::read() - couldn't read: phase_3/maps/hands/sd.png
:12-26-2022 17:50:14 :gobj(error): Unable to find texture "phase_3/maps/hands/sd.png" on model-path /;/c/Toontown/Toontown - Programming/SuitopiaUpdateLastLaff/Toontown-Last-Laff-Workspace/src/toontown/launcher;/c/Panda3D-1.11.0-x64/etc/..;/c/Panda3D-1.11.0-x64/etc/../models
Assertion failed: other._error_type == ET_ok at line 395 of panda/src/pgraph/nodePath.cxx
:12-26-2022 17:50:17 :gobj(error): Texture::read() - couldn't read: phase_3/maps/hands/ac.png
:12-26-2022 17:50:17 :gobj(error): Unable to find texture "phase_3/maps/hands/ac.png" on model-path /;/c/Toontown/Toontown - Programming/SuitopiaUpdateLastLaff/Toontown-Last-Laff-Workspace/src/toontown/launcher;/c/Panda3D-1.11.0-x64/etc/..;/c/Panda3D-1.11.0-x64/etc/../models
Assertion failed: other._error_type == ET_ok at line 395 of panda/src/pgraph/nodePath.cxx
:12-26-2022 17:50:17 :gobj(error): Texture::read() - couldn't read: phase_3/maps/hands/dt.png
:12-26-2022 17:50:17 :gobj(error): Unable to find texture "phase_3/maps/hands/dt.png" on model-path /;/c/Toontown/Toontown - Programming/SuitopiaUpdateLastLaff/Toontown-Last-Laff-Workspace/src/toontown/launcher;/c/Panda3D-1.11.0-x64/etc/..;/c/Panda3D-1.11.0-x64/etc/../models
Assertion failed: other._error_type == ET_ok at line 395 of panda/src/pgraph/nodePath.cxx
Assertion failed: other._error_type == ET_ok at line 395 of panda/src/pgraph/nodePath.cxx
:12-26-2022 17:50:42 :gobj(error): Texture::read() - couldn't read: phase_3/maps/hands/mb.png
:12-26-2022 17:50:42 :gobj(error): Unable to find texture "phase_3/maps/hands/mb.png" on model-path /;/c/Toontown/Toontown - Programming/SuitopiaUpdateLastLaff/Toontown-Last-Laff-Workspace/src/toontown/launcher;/c/Panda3D-1.11.0-x64/etc/..;/c/Panda3D-1.11.0-x64/etc/../models
Assertion failed: other._error_type == ET_ok at line 395 of panda/src/pgraph/nodePath.cxx
:12-26-2022 17:50:53 :gobj(error): Texture::read() - couldn't read: phase_3/maps/hands/ac.png
:12-26-2022 17:50:53 :gobj(error): Unable to find texture "phase_3/maps/hands/ac.png" on model-path /;/c/Toontown/Toontown - Programming/SuitopiaUpdateLastLaff/Toontown-Last-Laff-Workspace/src/toontown/launcher;/c/Panda3D-1.11.0-x64/etc/..;/c/Panda3D-1.11.0-x64/etc/../models
Assertion failed: other._error_type == ET_ok at line 395 of panda/src/pgraph/nodePath.cxx
:12-26-2022 17:50:57 :gobj(error): Texture::read() - couldn't read: phase_3/maps/hands/sd.png
:12-26-2022 17:50:57 :gobj(error): Unable to find texture "phase_3/maps/hands/sd.png" on model-path /;/c/Toontown/Toontown - Programming/SuitopiaUpdateLastLaff/Toontown-Last-Laff-Workspace/src/toontown/launcher;/c/Panda3D-1.11.0-x64/etc/..;/c/Panda3D-1.11.0-x64/etc/../models
Assertion failed: other._error_type == ET_ok at line 395 of panda/src/pgraph/nodePath.cxx
Assertion failed: other._error_type == ET_ok at line 395 of panda/src/pgraph/nodePath.cxx
Assertion failed: other._error_type == ET_ok at line 395 of panda/src/pgraph/nodePath.cxx
:12-26-2022 17:51:08 :gobj(error): Texture::read() - couldn't read: phase_3/maps/hands/sd.png
:12-26-2022 17:51:08 :gobj(error): Unable to find texture "phase_3/maps/hands/sd.png" on model-path /;/c/Toontown/Toontown - Programming/SuitopiaUpdateLastLaff/Toontown-Last-Laff-Workspace/src/toontown/launcher;/c/Panda3D-1.11.0-x64/etc/..;/c/Panda3D-1.11.0-x64/etc/../models
Assertion failed: other._error_type == ET_ok at line 395 of panda/src/pgraph/nodePath.cxx
:12-26-2022 17:51:09 :gobj(error): Texture::read() - couldn't read: phase_3/maps/hands/sd.png
:12-26-2022 17:51:09 :gobj(error): Unable to find texture "phase_3/maps/hands/sd.png" on model-path /;/c/Toontown/Toontown - Programming/SuitopiaUpdateLastLaff/Toontown-Last-Laff-Workspace/src/toontown/launcher;/c/Panda3D-1.11.0-x64/etc/..;/c/Panda3D-1.11.0-x64/etc/../models
Assertion failed: other._error_type == ET_ok at line 395 of panda/src/pgraph/nodePath.cxx
:12-26-2022 17:51:10 :gobj(error): Texture::read() - couldn't read: phase_3/maps/hands/ac.png
:12-26-2022 17:51:10 :gobj(error): Unable to find texture "phase_3/maps/hands/ac.png" on model-path /;/c/Toontown/Toontown - Programming/SuitopiaUpdateLastLaff/Toontown-Last-Laff-Workspace/src/toontown/launcher;/c/Panda3D-1.11.0-x64/etc/..;/c/Panda3D-1.11.0-x64/etc/../models
Assertion failed: other._error_type == ET_ok at line 395 of panda/src/pgraph/nodePath.cxx
:12-26-2022 17:51:10 :gobj(error): Texture::read() - couldn't read: phase_3/maps/hands/sd.png
:12-26-2022 17:51:10 :gobj(error): Unable to find texture "phase_3/maps/hands/sd.png" on model-path /;/c/Toontown/Toontown - Programming/SuitopiaUpdateLastLaff/Toontown-Last-Laff-Workspace/src/toontown/launcher;/c/Panda3D-1.11.0-x64/etc/..;/c/Panda3D-1.11.0-x64/etc/../models
Assertion failed: other._error_type == ET_ok at line 395 of panda/src/pgraph/nodePath.cxx
:12-26-2022 17:51:12 :gobj(error): Texture::read() - couldn't read: phase_3/maps/hands/ac.png
:12-26-2022 17:51:12 :gobj(error): Unable to find texture "phase_3/maps/hands/ac.png" on model-path /;/c/Toontown/Toontown - Programming/SuitopiaUpdateLastLaff/Toontown-Last-Laff-Workspace/src/toontown/launcher;/c/Panda3D-1.11.0-x64/etc/..;/c/Panda3D-1.11.0-x64/etc/../models
Assertion failed: other._error_type == ET_ok at line 395 of panda/src/pgraph/nodePath.cxx
Assertion failed: other._error_type == ET_ok at line 395 of panda/src/pgraph/nodePath.cxx
:12-26-2022 17:51:21 :gobj(error): Texture::read() - couldn't read: phase_3/maps/hands/sd.png
:12-26-2022 17:51:21 :gobj(error): Unable to find texture "phase_3/maps/hands/sd.png" on model-path /;/c/Toontown/Toontown - Programming/SuitopiaUpdateLastLaff/Toontown-Last-Laff-Workspace/src/toontown/launcher;/c/Panda3D-1.11.0-x64/etc/..;/c/Panda3D-1.11.0-x64/etc/../models
Assertion failed: other._error_type == ET_ok at line 395 of panda/src/pgraph/nodePath.cxx
:12-26-2022 17:51:30 :gobj(error): Texture::read() - couldn't read: phase_3/maps/hands/sd.png
:12-26-2022 17:51:30 :gobj(error): Unable to find texture "phase_3/maps/hands/sd.png" on model-path /;/c/Toontown/Toontown - Programming/SuitopiaUpdateLastLaff/Toontown-Last-Laff-Workspace/src/toontown/launcher;/c/Panda3D-1.11.0-x64/etc/..;/c/Panda3D-1.11.0-x64/etc/../models
Assertion failed: other._error_type == ET_ok at line 395 of panda/src/pgraph/nodePath.cxx
:12-26-2022 17:51:31 :gobj(error): Texture::read() - couldn't read: phase_3/maps/hands/mb.png
:12-26-2022 17:51:31 :gobj(error): Unable to find texture "phase_3/maps/hands/mb.png" on model-path /;/c/Toontown/Toontown - Programming/SuitopiaUpdateLastLaff/Toontown-Last-Laff-Workspace/src/toontown/launcher;/c/Panda3D-1.11.0-x64/etc/..;/c/Panda3D-1.11.0-x64/etc/../models
Assertion failed: other._error_type == ET_ok at line 395 of panda/src/pgraph/nodePath.cxx
:12-26-2022 17:51:34 :gobj(error): Texture::read() - couldn't read: phase_3/maps/hands/dt.png
:12-26-2022 17:51:34 :gobj(error): Unable to find texture "phase_3/maps/hands/dt.png" on model-path /;/c/Toontown/Toontown - Programming/SuitopiaUpdateLastLaff/Toontown-Last-Laff-Workspace/src/toontown/launcher;/c/Panda3D-1.11.0-x64/etc/..;/c/Panda3D-1.11.0-x64/etc/../models
Assertion failed: other._error_type == ET_ok at line 395 of panda/src/pgraph/nodePath.cxx
:12-26-2022 17:51:36 Street: Unloading Place (None). Fsm in final
:12-26-2022 17:51:36 DistributedObject: DistributedSuitPlanner 402002570: disabling
:12-26-2022 17:51:36 PlayGame: QA-REGRESSION: NEIGHBORHOODS: Visit Lawbot HQ
:12-26-2022 17:51:36 Loader: starting bulk load of block 'hood'
:12-26-2022 17:51:36 TownBattleSuitPanel: Loading Suit Battle Panel!
:12-26-2022 17:51:36 TownBattleSuitPanel: Loading Suit Battle Panel!
:12-26-2022 17:51:36 TownBattleSuitPanel: Loading Suit Battle Panel!
:12-26-2022 17:51:36 TownBattleSuitPanel: Loading Suit Battle Panel!
:12-26-2022 17:51:36 TownBattleSuitPanel: Loading Suit Battle Panel!
:12-26-2022 17:51:36 TownBattleSuitPanel: Loading Suit Battle Panel!
:12-26-2022 17:51:36 TownBattleSuitPanel: Loading Suit Battle Panel!
:12-26-2022 17:51:36 TownBattleSuitPanel: Loading Suit Battle Panel!
:12-26-2022 17:51:36 LawbotCogHQLoader: loadPlaceGeom: 13000
:12-26-2022 17:51:37 ToonBase(warning): base.loadMusic is deprecated, use base.loader.loadMusic instead.
:12-26-2022 17:51:37 :loader(error): Couldn't load file phase_4/models/questmap/cog_hq_lawbot_maps.bam: not found on model path (currently: "/;/c/Toontown/Toontown - Programming/SuitopiaUpdateLastLaff/Toontown-Last-Laff-Workspace/src/toontown/launcher;/c/Panda3D-1.11.0-x64/etc/..;/c/Panda3D-1.11.0-x64/etc/../models")
:12-26-2022 17:51:37 DistributedObject: DistributedSuitPlanner 402002982: generating
Assertion failed: other._error_type == ET_ok at line 395 of panda/src/pgraph/nodePath.cxx
:12-26-2022 17:51:37 DistributedToon: calling LocalAvatar.startchat
:12-26-2022 17:51:37 Loader: At end of block 'hood', expected 2, loaded 7, duration=1.4321126
:12-26-2022 17:51:37 :gobj(error): Texture::read() - couldn't read: phase_3/maps/hands/sd.png
:12-26-2022 17:51:37 :gobj(error): Unable to find texture "phase_3/maps/hands/sd.png" on model-path /;/c/Toontown/Toontown - Programming/SuitopiaUpdateLastLaff/Toontown-Last-Laff-Workspace/src/toontown/launcher;/c/Panda3D-1.11.0-x64/etc/..;/c/Panda3D-1.11.0-x64/etc/../models
Assertion failed: other._error_type == ET_ok at line 395 of panda/src/pgraph/nodePath.cxx
:12-26-2022 17:51:37 :gobj(error): Texture::read() - couldn't read: phase_3/maps/hands/dt.png
:12-26-2022 17:51:37 :gobj(error): Unable to find texture "phase_3/maps/hands/dt.png" on model-path /;/c/Toontown/Toontown - Programming/SuitopiaUpdateLastLaff/Toontown-Last-Laff-Workspace/src/toontown/launcher;/c/Panda3D-1.11.0-x64/etc/..;/c/Panda3D-1.11.0-x64/etc/../models
Assertion failed: other._error_type == ET_ok at line 395 of panda/src/pgraph/nodePath.cxx
Assertion failed: other._error_type == ET_ok at line 395 of panda/src/pgraph/nodePath.cxx
:12-26-2022 17:51:37 :gobj(error): Texture::read() - couldn't read: phase_3/maps/hands/sd.png
:12-26-2022 17:51:37 :gobj(error): Unable to find texture "phase_3/maps/hands/sd.png" on model-path /;/c/Toontown/Toontown - Programming/SuitopiaUpdateLastLaff/Toontown-Last-Laff-Workspace/src/toontown/launcher;/c/Panda3D-1.11.0-x64/etc/..;/c/Panda3D-1.11.0-x64/etc/../models
Assertion failed: other._error_type == ET_ok at line 395 of panda/src/pgraph/nodePath.cxx
:12-26-2022 17:51:37 :gobj(error): Texture::read() - couldn't read: phase_3/maps/hands/sd.png
:12-26-2022 17:51:37 :gobj(error): Unable to find texture "phase_3/maps/hands/sd.png" on model-path /;/c/Toontown/Toontown - Programming/SuitopiaUpdateLastLaff/Toontown-Last-Laff-Workspace/src/toontown/launcher;/c/Panda3D-1.11.0-x64/etc/..;/c/Panda3D-1.11.0-x64/etc/../models
Assertion failed: other._error_type == ET_ok at line 395 of panda/src/pgraph/nodePath.cxx
:12-26-2022 17:51:37 :gobj(error): Texture::read() - couldn't read: phase_3/maps/hands/ac.png
:12-26-2022 17:51:37 :gobj(error): Unable to find texture "phase_3/maps/hands/ac.png" on model-path /;/c/Toontown/Toontown - Programming/SuitopiaUpdateLastLaff/Toontown-Last-Laff-Workspace/src/toontown/launcher;/c/Panda3D-1.11.0-x64/etc/..;/c/Panda3D-1.11.0-x64/etc/../models
Assertion failed: other._error_type == ET_ok at line 395 of panda/src/pgraph/nodePath.cxx
Assertion failed: other._error_type == ET_ok at line 395 of panda/src/pgraph/nodePath.cxx
:12-26-2022 17:51:37 :gobj(error): Texture::read() - couldn't read: phase_3/maps/hands/ac.png
:12-26-2022 17:51:37 :gobj(error): Unable to find texture "phase_3/maps/hands/ac.png" on model-path /;/c/Toontown/Toontown - Programming/SuitopiaUpdateLastLaff/Toontown-Last-Laff-Workspace/src/toontown/launcher;/c/Panda3D-1.11.0-x64/etc/..;/c/Panda3D-1.11.0-x64/etc/../models
Assertion failed: other._error_type == ET_ok at line 395 of panda/src/pgraph/nodePath.cxx
:12-26-2022 17:51:37 OTPClientRepository: Sending heartbeat mid-frame.
:12-26-2022 17:51:37 :gobj(error): Texture::read() - couldn't read: phase_3/maps/hands/ac.png
:12-26-2022 17:51:37 :gobj(error): Unable to find texture "phase_3/maps/hands/ac.png" on model-path /;/c/Toontown/Toontown - Programming/SuitopiaUpdateLastLaff/Toontown-Last-Laff-Workspace/src/toontown/launcher;/c/Panda3D-1.11.0-x64/etc/..;/c/Panda3D-1.11.0-x64/etc/../models
Assertion failed: other._error_type == ET_ok at line 395 of panda/src/pgraph/nodePath.cxx
:12-26-2022 17:51:37 :gobj(error): Texture::read() - couldn't read: phase_3/maps/hands/sd.png
:12-26-2022 17:51:37 :gobj(error): Unable to find texture "phase_3/maps/hands/sd.png" on model-path /;/c/Toontown/Toontown - Programming/SuitopiaUpdateLastLaff/Toontown-Last-Laff-Workspace/src/toontown/launcher;/c/Panda3D-1.11.0-x64/etc/..;/c/Panda3D-1.11.0-x64/etc/../models
Assertion failed: other._error_type == ET_ok at line 395 of panda/src/pgraph/nodePath.cxx
:12-26-2022 17:51:40 :loader(error): Couldn't load file phase_4/models/questmap/cog_hq_lawbot_maps.bam: not found on model path (currently: "/;/c/Toontown/Toontown - Programming/SuitopiaUpdateLastLaff/Toontown-Last-Laff-Workspace/src/toontown/launcher;/c/Panda3D-1.11.0-x64/etc/..;/c/Panda3D-1.11.0-x64/etc/../models")
:12-26-2022 17:51:48 :gobj(error): Texture::read() - couldn't read: phase_3/maps/hands/ac.png
:12-26-2022 17:51:48 :gobj(error): Unable to find texture "phase_3/maps/hands/ac.png" on model-path /;/c/Toontown/Toontown - Programming/SuitopiaUpdateLastLaff/Toontown-Last-Laff-Workspace/src/toontown/launcher;/c/Panda3D-1.11.0-x64/etc/..;/c/Panda3D-1.11.0-x64/etc/../models
Assertion failed: other._error_type == ET_ok at line 395 of panda/src/pgraph/nodePath.cxx
:12-26-2022 17:51:48 :gobj(error): Texture::read() - couldn't read: phase_3/maps/hands/ac.png
:12-26-2022 17:51:48 :gobj(error): Unable to find texture "phase_3/maps/hands/ac.png" on model-path /;/c/Toontown/Toontown - Programming/SuitopiaUpdateLastLaff/Toontown-Last-Laff-Workspace/src/toontown/launcher;/c/Panda3D-1.11.0-x64/etc/..;/c/Panda3D-1.11.0-x64/etc/../models
Assertion failed: other._error_type == ET_ok at line 395 of panda/src/pgraph/nodePath.cxx
:12-26-2022 17:52:00 :gobj(error): Texture::read() - couldn't read: phase_3/maps/hands/sd.png
:12-26-2022 17:52:00 :gobj(error): Unable to find texture "phase_3/maps/hands/sd.png" on model-path /;/c/Toontown/Toontown - Programming/SuitopiaUpdateLastLaff/Toontown-Last-Laff-Workspace/src/toontown/launcher;/c/Panda3D-1.11.0-x64/etc/..;/c/Panda3D-1.11.0-x64/etc/../models
Assertion failed: other._error_type == ET_ok at line 395 of panda/src/pgraph/nodePath.cxx
:12-26-2022 17:52:00 :gobj(error): Texture::read() - couldn't read: phase_3/maps/hands/sd.png
:12-26-2022 17:52:00 :gobj(error): Unable to find texture "phase_3/maps/hands/sd.png" on model-path /;/c/Toontown/Toontown - Programming/SuitopiaUpdateLastLaff/Toontown-Last-Laff-Workspace/src/toontown/launcher;/c/Panda3D-1.11.0-x64/etc/..;/c/Panda3D-1.11.0-x64/etc/../models
Assertion failed: other._error_type == ET_ok at line 395 of panda/src/pgraph/nodePath.cxx
Assertion failed: other._error_type == ET_ok at line 395 of panda/src/pgraph/nodePath.cxx
:12-26-2022 17:52:12 LawbotHQExterior: QA-REGRESSION: COGBATTLE: Enter Battle
Battle Event localtoon-battle-event-9
:12-26-2022 17:52:23 ToontownChatManager: QA-REGRESSION: CHAT: Speedchat
Assertion failed: other._error_type == ET_ok at line 395 of panda/src/pgraph/nodePath.cxx
:12-26-2022 17:52:24 :gobj(error): Texture::read() - couldn't read: phase_3/maps/hands/ac.png
:12-26-2022 17:52:24 :gobj(error): Unable to find texture "phase_3/maps/hands/ac.png" on model-path /;/c/Toontown/Toontown - Programming/SuitopiaUpdateLastLaff/Toontown-Last-Laff-Workspace/src/toontown/launcher;/c/Panda3D-1.11.0-x64/etc/..;/c/Panda3D-1.11.0-x64/etc/../models
Assertion failed: other._error_type == ET_ok at line 395 of panda/src/pgraph/nodePath.cxx
:12-26-2022 17:52:34 :gobj(error): Texture::read() - couldn't read: phase_3/maps/hands/sd.png
:12-26-2022 17:52:34 :gobj(error): Unable to find texture "phase_3/maps/hands/sd.png" on model-path /;/c/Toontown/Toontown - Programming/SuitopiaUpdateLastLaff/Toontown-Last-Laff-Workspace/src/toontown/launcher;/c/Panda3D-1.11.0-x64/etc/..;/c/Panda3D-1.11.0-x64/etc/../models
Assertion failed: other._error_type == ET_ok at line 395 of panda/src/pgraph/nodePath.cxx
:12-26-2022 17:52:34 :gobj(error): Texture::read() - couldn't read: phase_3/maps/hands/ac.png
:12-26-2022 17:52:34 :gobj(error): Unable to find texture "phase_3/maps/hands/ac.png" on model-path /;/c/Toontown/Toontown - Programming/SuitopiaUpdateLastLaff/Toontown-Last-Laff-Workspace/src/toontown/launcher;/c/Panda3D-1.11.0-x64/etc/..;/c/Panda3D-1.11.0-x64/etc/../models
Assertion failed: other._error_type == ET_ok at line 395 of panda/src/pgraph/nodePath.cxx
:12-26-2022 17:52:44 GarbageCollect(warning): garbage found, reverting gc threshold
:12-26-2022 17:52:46 :gobj(error): Texture::read() - couldn't read: phase_3/maps/hands/sd.png
:12-26-2022 17:52:46 :gobj(error): Unable to find texture "phase_3/maps/hands/sd.png" on model-path /;/c/Toontown/Toontown - Programming/SuitopiaUpdateLastLaff/Toontown-Last-Laff-Workspace/src/toontown/launcher;/c/Panda3D-1.11.0-x64/etc/..;/c/Panda3D-1.11.0-x64/etc/../models
Assertion failed: other._error_type == ET_ok at line 395 of panda/src/pgraph/nodePath.cxx
:12-26-2022 17:52:46 :gobj(error): Texture::read() - couldn't read: phase_3/maps/hands/sd.png
:12-26-2022 17:52:46 :gobj(error): Unable to find texture "phase_3/maps/hands/sd.png" on model-path /;/c/Toontown/Toontown - Programming/SuitopiaUpdateLastLaff/Toontown-Last-Laff-Workspace/src/toontown/launcher;/c/Panda3D-1.11.0-x64/etc/..;/c/Panda3D-1.11.0-x64/etc/../models
Assertion failed: other._error_type == ET_ok at line 395 of panda/src/pgraph/nodePath.cxx
:12-26-2022 17:52:47 :loader(error): Couldn't load file phase_4/models/questmap/cog_hq_lawbot_maps.bam: not found on model path (currently: "/;/c/Toontown/Toontown - Programming/SuitopiaUpdateLastLaff/Toontown-Last-Laff-Workspace/src/toontown/launcher;/c/Panda3D-1.11.0-x64/etc/..;/c/Panda3D-1.11.0-x64/etc/../models")
:12-26-2022 17:52:47 OTPClientRepository: Sending heartbeat mid-frame.
frame rate: 137.0 fps|0.005d|11 avs||310|310||0x0000|0x0000|1045.8MB|2765.9MB|32590.0MB|2026|nt.2.6.2|3.600,3.600|8,16 cpus|OpenGL
:12-26-2022 17:52:57 :gobj(error): Texture::read() - couldn't read: phase_3/maps/hands/sd.png
:12-26-2022 17:52:57 :gobj(error): Unable to find texture "phase_3/maps/hands/sd.png" on model-path /;/c/Toontown/Toontown - Programming/SuitopiaUpdateLastLaff/Toontown-Last-Laff-Workspace/src/toontown/launcher;/c/Panda3D-1.11.0-x64/etc/..;/c/Panda3D-1.11.0-x64/etc/../models
Assertion failed: other._error_type == ET_ok at line 395 of panda/src/pgraph/nodePath.cxx
:12-26-2022 17:52:57 :gobj(error): Texture::read() - couldn't read: phase_3/maps/hands/dt.png
:12-26-2022 17:52:57 :gobj(error): Unable to find texture "phase_3/maps/hands/dt.png" on model-path /;/c/Toontown/Toontown - Programming/SuitopiaUpdateLastLaff/Toontown-Last-Laff-Workspace/src/toontown/launcher;/c/Panda3D-1.11.0-x64/etc/..;/c/Panda3D-1.11.0-x64/etc/../models
Assertion failed: other._error_type == ET_ok at line 395 of panda/src/pgraph/nodePath.cxx
:12-26-2022 17:53:05 LawbotHQExterior: QA-REGRESSION: COGBATTLE: Enter Battle
Battle Event localtoon-battle-event-15
Assertion failed: other._error_type == ET_ok at line 395 of panda/src/pgraph/nodePath.cxx
:12-26-2022 17:53:07 :gobj(error): Texture::read() - couldn't read: phase_3/maps/hands/sd.png
:12-26-2022 17:53:07 :gobj(error): Unable to find texture "phase_3/maps/hands/sd.png" on model-path /;/c/Toontown/Toontown - Programming/SuitopiaUpdateLastLaff/Toontown-Last-Laff-Workspace/src/toontown/launcher;/c/Panda3D-1.11.0-x64/etc/..;/c/Panda3D-1.11.0-x64/etc/../models
Assertion failed: other._error_type == ET_ok at line 395 of panda/src/pgraph/nodePath.cxx
Assertion failed: other._error_type == ET_ok at line 395 of panda/src/pgraph/nodePath.cxx
:12-26-2022 17:53:19 :gobj(error): Texture::read() - couldn't read: phase_3/maps/hands/sd.png
:12-26-2022 17:53:19 :gobj(error): Unable to find texture "phase_3/maps/hands/sd.png" on model-path /;/c/Toontown/Toontown - Programming/SuitopiaUpdateLastLaff/Toontown-Last-Laff-Workspace/src/toontown/launcher;/c/Panda3D-1.11.0-x64/etc/..;/c/Panda3D-1.11.0-x64/etc/../models
Assertion failed: other._error_type == ET_ok at line 395 of panda/src/pgraph/nodePath.cxx
Assertion failed: other._error_type == ET_ok at line 395 of panda/src/pgraph/nodePath.cxx
:12-26-2022 17:53:29 :gobj(error): Texture::read() - couldn't read: phase_3/maps/hands/dt.png
:12-26-2022 17:53:29 :gobj(error): Unable to find texture "phase_3/maps/hands/dt.png" on model-path /;/c/Toontown/Toontown - Programming/SuitopiaUpdateLastLaff/Toontown-Last-Laff-Workspace/src/toontown/launcher;/c/Panda3D-1.11.0-x64/etc/..;/c/Panda3D-1.11.0-x64/etc/../models
Assertion failed: other._error_type == ET_ok at line 395 of panda/src/pgraph/nodePath.cxx
Assertion failed: other._error_type == ET_ok at line 395 of panda/src/pgraph/nodePath.cxx
Assertion failed: other._error_type == ET_ok at line 395 of panda/src/pgraph/nodePath.cxx
:12-26-2022 17:53:45 ToonBase: User closed main window.
:12-26-2022 17:53:45 TimeManager: Client disconnect reason 2.
:12-26-2022 17:53:45 DistributedObject: DistributedSuitPlanner 402002982: disabling
:12-26-2022 17:53:45 :loader(error): Couldn't load file phase_4/models/questmap/cog_hq_lawbot_maps.bam: not found on model path (currently: "/;/c/Toontown/Toontown - Programming/SuitopiaUpdateLastLaff/Toontown-Last-Laff-Workspace/src/toontown/launcher;/c/Panda3D-1.11.0-x64/etc/..;/c/Panda3D-1.11.0-x64/etc/../models")
:12-26-2022 17:53:45 LawbotHQExterior: Unloading Place (13007). Fsm in final
:12-26-2022 17:53:45 OTPClientRepository(warning): unclean exit, abandoning shard
ignoring InputState-forward
:12-26-2022 17:53:45 OTPClientRepository: sending clientLogout
Assertion failed: _error_type != ET_not_found at line 592 of panda/src/pgraph/nodePath.cxx
Traceback (most recent call last):
  File "C:\Panda3D-1.11.0-x64\direct\showbase\EventManager.py", line 49, in eventLoopTask
    self.doEvents()
  File "C:\Panda3D-1.11.0-x64\direct\showbase\EventManager.py", line 43, in doEvents
    processFunc(dequeueFunc())
  File "C:\Panda3D-1.11.0-x64\direct\showbase\EventManager.py", line 99, in processEvent
    messenger.send(eventName, paramList)
  File "C:\Panda3D-1.11.0-x64\direct\showbase\Messenger.py", line 333, in send
    self.__dispatch(acceptorDict, event, sentArgs, foundWatch)
  File "C:\Panda3D-1.11.0-x64\direct\showbase\Messenger.py", line 418, in __dispatch
    result = method (*(extraArgs + sentArgs))
  File "toontown\toonbase\ToonBase.py", line 187, in windowEvent
    OTPBase.OTPBase.windowEvent(self, win)
  File "C:\Panda3D-1.11.0-x64\direct\showbase\ShowBase.py", line 2791, in windowEvent
    self.userExit()
  File "toontown\toonbase\ToonBase.py", line 422, in userExit
    self.cr.loginFSM.request('shutdown')
  File "C:\Panda3D-1.11.0-x64\direct\fsm\ClassicFSM.py", line 281, in request
    exitArgList)
  File "C:\Panda3D-1.11.0-x64\direct\fsm\ClassicFSM.py", line 227, in __transition
    self.__exitCurrent(exitArgList)
  File "C:\Panda3D-1.11.0-x64\direct\fsm\ClassicFSM.py", line 185, in __exitCurrent
    self.__currentState.exit(argList)
  File "C:\Panda3D-1.11.0-x64\direct\fsm\State.py", line 213, in exit
    self.__exitFunc(*argList)
  File "toontown\distributed\ToontownClientRepository.py", line 430, in exitPlayingGame
    base.localAvatar.deleteOrDelay()
  File "C:\Panda3D-1.11.0-x64\direct\distributed\DistributedObject.py", line 201, in deleteOrDelay
    self.disableAnnounceAndDelete()
  File "C:\Panda3D-1.11.0-x64\direct\distributed\DistributedObject.py", line 204, in disableAnnounceAndDelete
    self.disableAndAnnounce()
  File "C:\Panda3D-1.11.0-x64\direct\distributed\DistributedObject.py", line 230, in disableAndAnnounce
    self.disable()
  File "toontown\toon\LocalToon.py", line 256, in disable
    self.book.unload()
  File "toontown\shtiker\ShtikerBook.py", line 150, in unload
    page.unload()
  File "toontown\shtiker\SuitPage.py", line 240, in unload
    shadow.removeNode()
AssertionError: _error_type != ET_not_found at line 592 of panda/src/pgraph/nodePath.cxx
:12-26-2022 17:53:45 :task(error): Exception occurred in PythonTask eventManager
:12-26-2022 17:53:45 TTOffLauncher: setting panda error code to 12
:12-26-2022 17:53:45 TTOffLauncher(warning): Handling Python exception.
:12-26-2022 17:53:45 OTPClientRepository: Sent disconnect message to server
:12-26-2022 17:53:45 OTPClientRepository: Closing connection to server.
:12-26-2022 17:53:45 TTOffLauncher: Exception exit.

Traceback (most recent call last):
  File "otp\launcher\LauncherBase.py", line 1081, in mainLoop
    self._runTaskManager()
  File "otp\launcher\LauncherBase.py", line 1052, in _runTaskManager
    taskMgr.run()
  File "C:\Panda3D-1.11.0-x64\direct\task\Task.py", line 528, in run
    self.step()
  File "C:\Panda3D-1.11.0-x64\direct\task\Task.py", line 482, in step
    self.mgr.poll()
  File "C:\Panda3D-1.11.0-x64\direct\showbase\EventManager.py", line 49, in eventLoopTask
    self.doEvents()
  File "C:\Panda3D-1.11.0-x64\direct\showbase\EventManager.py", line 43, in doEvents
    processFunc(dequeueFunc())
  File "C:\Panda3D-1.11.0-x64\direct\showbase\EventManager.py", line 99, in processEvent
    messenger.send(eventName, paramList)
  File "C:\Panda3D-1.11.0-x64\direct\showbase\Messenger.py", line 333, in send
    self.__dispatch(acceptorDict, event, sentArgs, foundWatch)
  File "C:\Panda3D-1.11.0-x64\direct\showbase\Messenger.py", line 418, in __dispatch
    result = method (*(extraArgs + sentArgs))
  File "toontown\toonbase\ToonBase.py", line 187, in windowEvent
    OTPBase.OTPBase.windowEvent(self, win)
  File "C:\Panda3D-1.11.0-x64\direct\showbase\ShowBase.py", line 2791, in windowEvent
    self.userExit()
  File "toontown\toonbase\ToonBase.py", line 422, in userExit
    self.cr.loginFSM.request('shutdown')
  File "C:\Panda3D-1.11.0-x64\direct\fsm\ClassicFSM.py", line 281, in request
    exitArgList)
  File "C:\Panda3D-1.11.0-x64\direct\fsm\ClassicFSM.py", line 227, in __transition
    self.__exitCurrent(exitArgList)
  File "C:\Panda3D-1.11.0-x64\direct\fsm\ClassicFSM.py", line 185, in __exitCurrent
    self.__currentState.exit(argList)
  File "C:\Panda3D-1.11.0-x64\direct\fsm\State.py", line 213, in exit
    self.__exitFunc(*argList)
  File "toontown\distributed\ToontownClientRepository.py", line 430, in exitPlayingGame
    base.localAvatar.deleteOrDelay()
  File "C:\Panda3D-1.11.0-x64\direct\distributed\DistributedObject.py", line 201, in deleteOrDelay
    self.disableAnnounceAndDelete()
  File "C:\Panda3D-1.11.0-x64\direct\distributed\DistributedObject.py", line 204, in disableAnnounceAndDelete
    self.disableAndAnnounce()
  File "C:\Panda3D-1.11.0-x64\direct\distributed\DistributedObject.py", line 230, in disableAndAnnounce
    self.disable()
  File "toontown\toon\LocalToon.py", line 256, in disable
    self.book.unload()
  File "toontown\shtiker\ShtikerBook.py", line 150, in unload
    page.unload()
  File "toontown\shtiker\SuitPage.py", line 240, in unload
    shadow.removeNode()
AssertionError: _error_type != ET_not_found at line 592 of panda/src/pgraph/nodePath.cxx
